<?xml version="1.0" encoding="UTF-8"?>
<testsuite name="com.telran.selenium.LoginToWiki" tests="1" skipped="0" failures="0" errors="0" timestamp="2019-10-08T18:00:30" hostname="WINDOWS-GUHJOJ3" time="4.556">
  <properties/>
  <testcase name="loginToWiki" classname="com.telran.selenium.LoginToWiki" time="4.556"/>
  <system-out><![CDATA[]]></system-out>
  <system-err><![CDATA[]]></system-err>
</testsuite>
